0 info it worked if it ends with ok
1 verbose cli [ '/Users/ianbrennan/.nvm/versions/node/v6.2.2/bin/node',
1 verbose cli   '/Users/ianbrennan/.nvm/versions/node/v6.2.2/bin/npm',
1 verbose cli   'run',
1 verbose cli   'docker-build' ]
2 info using npm@3.9.5
3 info using node@v6.2.2
4 verbose stack Error: ENOENT: no such file or directory, open '/Users/ianbrennan/sxsw/take-my-picture/package.json'
4 verbose stack     at Error (native)
5 verbose cwd /Users/ianbrennan/sxsw/take-my-picture
6 error Darwin 16.7.0
7 error argv "/Users/ianbrennan/.nvm/versions/node/v6.2.2/bin/node" "/Users/ianbrennan/.nvm/versions/node/v6.2.2/bin/npm" "run" "docker-build"
8 error node v6.2.2
9 error npm  v3.9.5
10 error path /Users/ianbrennan/sxsw/take-my-picture/package.json
11 error code ENOENT
12 error errno -2
13 error syscall open
14 error enoent ENOENT: no such file or directory, open '/Users/ianbrennan/sxsw/take-my-picture/package.json'
15 error enoent ENOENT: no such file or directory, open '/Users/ianbrennan/sxsw/take-my-picture/package.json'
15 error enoent This is most likely not a problem with npm itself
15 error enoent and is related to npm not being able to find a file.
16 verbose exit [ -2, true ]
